  实践周.c
D:\实践周\实践周项目\实践周.c(119,22): warning C4477: “fscanf_s”: 格式字符串“%s”需要类型“unsigned int”的参数，但可变参数 2 拥有了类型“float *”
  D:\实践周\实践周项目\实践周.c(119,22):
  此参数用作缓冲区大小
  
D:\实践周\实践周项目\实践周.c(119,22): warning C4477: “fscanf_s”: 格式字符串“%f”需要类型“float *”的参数，但可变参数 3 拥有了类型“int *”
D:\实践周\实践周项目\实践周.c(119,22): warning C4473: “fscanf_s”: 没有为格式字符串传递足够的参数
  D:\实践周\实践周项目\实践周.c(119,22):
  占位符和其参数预计 4 可变参数，但提供的却是 3 参数
  D:\实践周\实践周项目\实践周.c(119,22):
  缺失的可变参数 4 为格式字符串“%d”所需
  
D:\实践周\实践周项目\实践周.c(135,11): warning C4477: “scanf_s”: 格式字符串“%s”需要类型“unsigned int”的参数，但可变参数 2 拥有了类型“float *”
  D:\实践周\实践周项目\实践周.c(135,11):
  此参数用作缓冲区大小
  
D:\实践周\实践周项目\实践周.c(135,11): warning C4477: “scanf_s”: 格式字符串“%f”需要类型“float *”的参数，但可变参数 3 拥有了类型“int *”
D:\实践周\实践周项目\实践周.c(135,11): warning C4473: “scanf_s”: 没有为格式字符串传递足够的参数
  D:\实践周\实践周项目\实践周.c(135,11):
  占位符和其参数预计 4 可变参数，但提供的却是 3 参数
  D:\实践周\实践周项目\实践周.c(135,11):
  缺失的可变参数 4 为格式字符串“%d”所需
  
D:\实践周\实践周项目\实践周.c(141,10): warning C4133: “函数”: 从“Node *”到“const char *const ”的类型不兼容
  正在生成代码
  Previous IPDB not found, fall back to full compilation.
  All 16 functions were compiled because no usable IPDB/IOBJ from previous compilation was found.
  已完成代码的生成
  实践周项目.vcxproj -> D:\实践周\实践周项目\x64\Release\实践周项目.exe
