  实践周.c
D:\实践周\实践周项目\实践周.c(127,22): warning C4477: “fscanf_s”: 格式字符串“%19s”需要类型“unsigned int”的参数，但可变参数 2 拥有了类型“float *”
  D:\实践周\实践周项目\实践周.c(127,22):
  此参数用作缓冲区大小
  
D:\实践周\实践周项目\实践周.c(127,22): warning C4477: “fscanf_s”: 格式字符串“%f”需要类型“float *”的参数，但可变参数 3 拥有了类型“int *”
D:\实践周\实践周项目\实践周.c(127,22): warning C4473: “fscanf_s”: 没有为格式字符串传递足够的参数
  D:\实践周\实践周项目\实践周.c(127,22):
  占位符和其参数预计 4 可变参数，但提供的却是 3 参数
  D:\实践周\实践周项目\实践周.c(127,22):
  缺失的可变参数 4 为格式字符串“%d”所需
  
D:\实践周\实践周项目\实践周.c(160,11): warning C4477: “scanf_s”: 格式字符串“%19s”需要类型“unsigned int”的参数，但可变参数 2 拥有了类型“size_t”
  D:\实践周\实践周项目\实践周.c(160,11):
  此参数用作缓冲区大小
  
D:\实践周\实践周项目\实践周.c(168,10): warning C4133: “函数”: 从“Node *”到“const char *const ”的类型不兼容
D:\实践周\实践周项目\实践周.c(173,11): warning C4477: “scanf_s”: 格式字符串“%19s”需要类型“unsigned int”的参数，但可变参数 2 拥有了类型“size_t”
  D:\实践周\实践周项目\实践周.c(173,11):
  此参数用作缓冲区大小
  
D:\实践周\实践周项目\实践周.c(193,11): warning C4473: “scanf_s”: 没有为格式字符串传递足够的参数
  D:\实践周\实践周项目\实践周.c(193,11):
  占位符和其参数预计 2 可变参数，但提供的却是 1 参数
  D:\实践周\实践周项目\实践周.c(193,11):
  缺失的可变参数 2 为格式字符串“%s”所需
  D:\实践周\实践周项目\实践周.c(193,11):
  此参数用作缓冲区大小
  
D:\实践周\实践周项目\实践周.c(212,11): warning C4473: “scanf_s”: 没有为格式字符串传递足够的参数
  D:\实践周\实践周项目\实践周.c(212,11):
  占位符和其参数预计 2 可变参数，但提供的却是 1 参数
  D:\实践周\实践周项目\实践周.c(212,11):
  缺失的可变参数 2 为格式字符串“%s”所需
  D:\实践周\实践周项目\实践周.c(212,11):
  此参数用作缓冲区大小
  
D:\实践周\实践周项目\实践周.c(219,11): warning C4473: “scanf_s”: 没有为格式字符串传递足够的参数
  D:\实践周\实践周项目\实践周.c(219,11):
  占位符和其参数预计 2 可变参数，但提供的却是 1 参数
  D:\实践周\实践周项目\实践周.c(219,11):
  缺失的可变参数 2 为格式字符串“%s”所需
  D:\实践周\实践周项目\实践周.c(219,11):
  此参数用作缓冲区大小
  
D:\实践周\实践周项目\实践周.c(234,11): warning C4477: “scanf_s”: 格式字符串“%19s”需要类型“unsigned int”的参数，但可变参数 2 拥有了类型“size_t”
  D:\实践周\实践周项目\实践周.c(234,11):
  此参数用作缓冲区大小
  
D:\实践周\实践周项目\实践周.c(243,11): warning C4477: “scanf_s”: 格式字符串“%19s”需要类型“unsigned int”的参数，但可变参数 2 拥有了类型“size_t”
  D:\实践周\实践周项目\实践周.c(243,11):
  此参数用作缓冲区大小
  
  实践周项目.vcxproj -> D:\实践周\实践周项目\x64\Debug\实践周项目.exe
